This is pdfTeX, Version 3.1415926-2.3-1.40.12 (TeX Live 2011) (format=pdflatex 2011.7.3)  17 APR 2013 09:47
entering extended mode
 \write18 enabled.
 file:line:error style messages enabled.
 %&-line parsing enabled.
**"Maxwell Scholarship 2013 Essay.tex"
(./Maxwell Scholarship 2013 Essay.tex
LaTeX2e <2009/09/24>
Babel <v3.8l> and hyphenation patterns for english, dumylang, nohyphenation, ge
rman-x-2009-06-19, ngerman-x-2009-06-19, afrikaans, ancientgreek, ibycus, arabi
c, armenian, basque, bulgarian, catalan, pinyin, coptic, croatian, czech, danis
h, dutch, ukenglish, usenglishmax, esperanto, estonian, ethiopic, farsi, finnis
h, french, galician, german, ngerman, swissgerman, monogreek, greek, hungarian,
 icelandic, assamese, bengali, gujarati, hindi, kannada, malayalam, marathi, or
iya, panjabi, tamil, telugu, indonesian, interlingua, irish, italian, kurmanji,
 lao, latin, latvian, lithuanian, mongolian, mongolianlmc, bokmal, nynorsk, pol
ish, portuguese, romanian, russian, sanskrit, serbian, serbianc, slovak, sloven
ian, spanish, swedish, turkish, turkmen, ukrainian, uppersorbian, welsh, loaded
.
(/usr/local/texlive/2011/texmf-dist/tex/latex/base/letter.cls
Document Class: letter 1999/04/29 v1.2z Standard LaTeX document class
(/usr/local/texlive/2011/texmf-dist/tex/latex/base/size11.clo
File: size11.clo 2007/10/19 v1.4h Standard LaTeX file (size option)
)
\longindentation=\dimen102
\indentedwidth=\dimen103
\labelcount=\count79
)
(/usr/local/texlive/2011/texmf-dist/tex/latex/psnfss/newcent.sty
Package: newcent 2005/04/12 PSNFSS-v9.2a (SPQR) 
)
(/usr/local/texlive/2011/texmf-dist/tex/latex/setspace/setspace.sty
Package: setspace 2000/12/01 6.7 Contributed and Supported LaTeX2e package

Package: `setspace' 6.7 <2000/12/01>
) (./Maxwell Scholarship 2013 Essay.aux)
\openout1 = `"Maxwell Scholarship 2013 Essay.aux"'.

LaTeX Font Info:    Checking defaults for OML/cmm/m/it on input line 18.
LaTeX Font Info:    ... okay on input line 18.
LaTeX Font Info:    Checking defaults for T1/cmr/m/n on input line 18.
LaTeX Font Info:    ... okay on input line 18.
LaTeX Font Info:    Checking defaults for OT1/cmr/m/n on input line 18.
LaTeX Font Info:    ... okay on input line 18.
LaTeX Font Info:    Checking defaults for OMS/cmsy/m/n on input line 18.
LaTeX Font Info:    ... okay on input line 18.
LaTeX Font Info:    Checking defaults for OMX/cmex/m/n on input line 18.
LaTeX Font Info:    ... okay on input line 18.
LaTeX Font Info:    Checking defaults for U/cmr/m/n on input line 18.
LaTeX Font Info:    ... okay on input line 18.
LaTeX Font Info:    Try loading font information for OT1+pnc on input line 18.

(/usr/local/texlive/2011/texmf-dist/tex/latex/psnfss/ot1pnc.fd
File: ot1pnc.fd 2001/06/04 font definitions for OT1/pnc.
)
LaTeX Font Info:    Font shape `OT1/pnc/bx/n' in size <12> not available
(Font)              Font shape `OT1/pnc/b/n' tried instead on input line 29.
LaTeX Font Info:    Font shape `OT1/pnc/bx/n' in size <10.95> not available
(Font)              Font shape `OT1/pnc/b/n' tried instead on input line 34.
 [1

{/usr/local/texlive/2011/texmf-var/fonts/map/pdftex/updmap/pdftex.map}]
LaTeX Font Info:    External font `cmex10' loaded for size
(Font)              <10.95> on input line 61.
LaTeX Font Info:    External font `cmex10' loaded for size
(Font)              <8> on input line 61.
LaTeX Font Info:    External font `cmex10' loaded for size
(Font)              <6> on input line 61.
 [2]
(./Maxwell Scholarship 2013 Essay.aux) ) 
Here is how much of TeX's memory you used:
 243 strings out of 493633
 3312 string characters out of 3143378
 53245 words of memory out of 3000000
 3605 multiletter control sequences out of 15000+200000
 12044 words of font info for 32 fonts, out of 3000000 for 9000
 831 hyphenation exceptions out of 8191
 21i,6n,19p,855b,211s stack positions out of 5000i,500n,10000p,200000b,50000s
{/usr/local/texlive/2011/texmf-dist/fon
ts/enc/dvips/base/8r.enc}</usr/local/texlive/2011/texmf-dist/fonts/type1/urw/nc
ntrsbk/uncb8a.pfb></usr/local/texlive/2011/texmf-dist/fonts/type1/urw/ncntrsbk/
uncr8a.pfb>
Output written on "Maxwell Scholarship 2013 Essay.pdf" (2 pages, 33379 bytes).
PDF statistics:
 20 PDF objects out of 1000 (max. 8388607)
 13 compressed objects within 1 object stream
 0 named destinations out of 1000 (max. 500000)
 1 words of extra memory for PDF output out of 10000 (max. 10000000)

