This is pdfTeX, Version 3.1415926-1.40.11 (TeX Live 2010) (format=pdflatex 2011.5.28)  29 MAR 2012 01:04
entering extended mode
 \write18 enabled.
 file:line:error style messages enabled.
 %&-line parsing enabled.
**sample_cv.tex
(./sample_cv.tex
LaTeX2e <2009/09/24>
Babel <v3.8l> and hyphenation patterns for english, dumylang, nohyphenation, ge
rman-x-2009-06-19, ngerman-x-2009-06-19, afrikaans, ancientgreek, ibycus, arabi
c, armenian, basque, bulgarian, catalan, pinyin, coptic, croatian, czech, danis
h, dutch, ukenglish, usenglishmax, esperanto, estonian, ethiopic, farsi, finnis
h, french, galician, german, ngerman, swissgerman, monogreek, greek, hungarian,
 icelandic, assamese, bengali, gujarati, hindi, kannada, malayalam, marathi, or
iya, panjabi, tamil, telugu, indonesian, interlingua, irish, italian, kurmanji,
 lao, latin, latvian, lithuanian, mongolian, mongolianlmc, bokmal, nynorsk, pol
ish, portuguese, romanian, russian, sanskrit, serbian, slovak, slovenian, spani
sh, swedish, turkish, turkmen, ukrainian, uppersorbian, welsh, loaded.
(./res.cls
Document Style `res' <26 Sep 89>.
Document Class: res 2000/05/19 v1.4b Resume class
(/usr/local/texlive/2010/texmf-dist/tex/latex/base/article.cls
Document Class: article 2007/10/19 v1.4h Standard LaTeX document class
(/usr/local/texlive/2010/texmf-dist/tex/latex/base/size10.clo
File: size10.clo 2007/10/19 v1.4h Standard LaTeX file (size option)
)
\c@part=\count79
\c@section=\count80
\c@subsection=\count81
\c@subsubsection=\count82
\c@paragraph=\count83
\c@subparagraph=\count84
\c@figure=\count85
\c@table=\count86
\abovecaptionskip=\skip41
\belowcaptionskip=\skip42
\bibindent=\dimen102
)
No auxiliary output files.

\tabular@text=\toks14
\tabular@head=\toks15
\tabular@tail=\toks16
\@ta=\toks17
\undefined@token=\toks18
\sectionwidth=\dimen103
\sectionskip=\skip43
\resumewidth=\dimen104
\@columnwidth=\dimen105
\c@numberofcolumns=\count87
) (/usr/local/texlive/2010/texmf-dist/tex/latex/psnfss/pifont.sty
Package: pifont 2005/04/12 PSNFSS-v9.2a Pi font support (SPQR) 
LaTeX Font Info:    Try loading font information for U+pzd on input line 63.

(/usr/local/texlive/2010/texmf-dist/tex/latex/psnfss/upzd.fd
File: upzd.fd 2001/06/04 font definitions for U/pzd.
)
LaTeX Font Info:    Try loading font information for U+psy on input line 64.

(/usr/local/texlive/2010/texmf-dist/tex/latex/psnfss/upsy.fd
File: upsy.fd 2001/06/04 font definitions for U/psy.
))
(/usr/local/texlive/2010/texmf-dist/tex/latex/base/inputenc.sty
Package: inputenc 2008/03/30 v1.1d Input encoding file
\inpenc@prehook=\toks19
\inpenc@posthook=\toks20

(/usr/local/texlive/2010/texmf-dist/tex/latex/base/latin1.def
File: latin1.def 2008/03/30 v1.1d Input encoding file
))
(/usr/local/texlive/2010/texmf-dist/tex/latex/fancyhdr/fancyhdr.sty
\fancy@headwidth=\skip44
\f@ncyO@elh=\skip45
\f@ncyO@erh=\skip46
\f@ncyO@olh=\skip47
\f@ncyO@orh=\skip48
\f@ncyO@elf=\skip49
\f@ncyO@erf=\skip50
\f@ncyO@olf=\skip51
\f@ncyO@orf=\skip52
)

LaTeX Warning: Unused global option(s):
    [pifont,palatino,courier].

No file sample_cv.aux.
LaTeX Font Info:    Checking defaults for OML/cmm/m/it on input line 37.
LaTeX Font Info:    ... okay on input line 37.
LaTeX Font Info:    Checking defaults for T1/cmr/m/n on input line 37.
LaTeX Font Info:    ... okay on input line 37.
LaTeX Font Info:    Checking defaults for OT1/cmr/m/n on input line 37.
LaTeX Font Info:    ... okay on input line 37.
LaTeX Font Info:    Checking defaults for OMS/cmsy/m/n on input line 37.
LaTeX Font Info:    ... okay on input line 37.
LaTeX Font Info:    Checking defaults for OMX/cmex/m/n on input line 37.
LaTeX Font Info:    ... okay on input line 37.
LaTeX Font Info:    Checking defaults for U/cmr/m/n on input line 37.
LaTeX Font Info:    ... okay on input line 37.
LaTeX Font Info:    External font `cmex10' loaded for size
(Font)              <7> on input line 46.
LaTeX Font Info:    External font `cmex10' loaded for size
(Font)              <5> on input line 46.

Overfull \hbox (23.45854pt too wide) in paragraph at lines 49--50
[][]\OT1/cmtt/m/n/10 http://www.cims.nyu.edu/~johndoe 
 []

[1

{/usr/local/texlive/2010/texmf-var/fonts/map/pdftex/updmap/pdftex.map}]
Overfull \hbox (7.23143pt too wide) in paragraph at lines 172--172
[]\OT1/cmr/m/n/10 Summer 
 []


Overfull \hbox (25.22743pt too wide) in paragraph at lines 178--197
[][] 
 []


Overfull \hbox (133.63243pt too wide) in paragraph at lines 218--223
[][] 
 []

[2] ) 
Here is how much of TeX's memory you used:
 517 strings out of 493763
 6059 string characters out of 3144954
 61544 words of memory out of 3000000
 3873 multiletter control sequences out of 15000+200000
 6357 words of font info for 23 fonts, out of 3000000 for 9000
 715 hyphenation exceptions out of 8191
 29i,10n,43p,141b,270s stack positions out of 5000i,500n,10000p,200000b,50000s
</usr/local/texlive/2010/texmf-dist/fonts/type1/public/amsfonts/cm/cmbx10.
pfb></usr/local/texlive/2010/texmf-dist/fonts/type1/public/amsfonts/cm/cmbx12.p
fb></usr/local/texlive/2010/texmf-dist/fonts/type1/public/amsfonts/cm/cmcsc10.p
fb></usr/local/texlive/2010/texmf-dist/fonts/type1/public/amsfonts/cm/cmmi7.pfb
></usr/local/texlive/2010/texmf-dist/fonts/type1/public/amsfonts/cm/cmr10.pfb><
/usr/local/texlive/2010/texmf-dist/fonts/type1/public/amsfonts/cm/cmr8.pfb></us
r/local/texlive/2010/texmf-dist/fonts/type1/public/amsfonts/cm/cmsy10.pfb></usr
/local/texlive/2010/texmf-dist/fonts/type1/public/amsfonts/cm/cmti10.pfb></usr/
local/texlive/2010/texmf-dist/fonts/type1/public/amsfonts/cm/cmtt10.pfb></usr/l
ocal/texlive/2010/texmf-dist/fonts/type1/urw/zapfding/uzdr.pfb>
Output written on sample_cv.pdf (2 pages, 118570 bytes).
PDF statistics:
 51 PDF objects out of 1000 (max. 8388607)
 36 compressed objects within 1 object stream
 0 named destinations out of 1000 (max. 500000)
 1 words of extra memory for PDF output out of 10000 (max. 10000000)

